Start testing: Jul 29 15:09 CST
----------------------------------------------------------
1/3 Testing: copyright
1/3 Test: copyright
Command: "/usr/bin/python3" "-u" "/opt/ros/foxy/share/ament_cmake_test/cmake/run_test.py" "/ws_code/build/cslam_common_interfaces/test_results/cslam_common_interfaces/copyright.xunit.xml" "--package-name" "cslam_common_interfaces" "--output-file" "/ws_code/build/cslam_common_interfaces/ament_copyright/copyright.txt" "--command" "/opt/ros/foxy/bin/ament_copyright" "--xunit-file" "/ws_code/build/cslam_common_interfaces/test_results/cslam_common_interfaces/copyright.xunit.xml"
Directory: /ws_code/src/src/cslam_interfaces/cslam_common_interfaces
"copyright" start time: Jul 29 15:09 CST
Output:
----------------------------------------------------------
-- run_test.py: invoking following command in '/ws_code/src/src/cslam_interfaces/cslam_common_interfaces':
 - /opt/ros/foxy/bin/ament_copyright --xunit-file /ws_code/build/cslam_common_interfaces/test_results/cslam_common_interfaces/copyright.xunit.xml
No repository roots and files found
No problems found, checked 0 files
-- run_test.py: return code 0
-- run_test.py: verify result file '/ws_code/build/cslam_common_interfaces/test_results/cslam_common_interfaces/copyright.xunit.xml'
<end of output>
Test time =   0.19 sec
----------------------------------------------------------
Test Passed.
"copyright" end time: Jul 29 15:09 CST
"copyright" time elapsed: 00:00:00
----------------------------------------------------------

2/3 Testing: lint_cmake
2/3 Test: lint_cmake
Command: "/usr/bin/python3" "-u" "/opt/ros/foxy/share/ament_cmake_test/cmake/run_test.py" "/ws_code/build/cslam_common_interfaces/test_results/cslam_common_interfaces/lint_cmake.xunit.xml" "--package-name" "cslam_common_interfaces" "--output-file" "/ws_code/build/cslam_common_interfaces/ament_lint_cmake/lint_cmake.txt" "--command" "/opt/ros/foxy/bin/ament_lint_cmake" "--xunit-file" "/ws_code/build/cslam_common_interfaces/test_results/cslam_common_interfaces/lint_cmake.xunit.xml"
Directory: /ws_code/src/src/cslam_interfaces/cslam_common_interfaces
"lint_cmake" start time: Jul 29 15:09 CST
Output:
----------------------------------------------------------
-- run_test.py: invoking following command in '/ws_code/src/src/cslam_interfaces/cslam_common_interfaces':
 - /opt/ros/foxy/bin/ament_lint_cmake --xunit-file /ws_code/build/cslam_common_interfaces/test_results/cslam_common_interfaces/lint_cmake.xunit.xml

No problems found
-- run_test.py: return code 0
-- run_test.py: verify result file '/ws_code/build/cslam_common_interfaces/test_results/cslam_common_interfaces/lint_cmake.xunit.xml'
<end of output>
Test time =   0.16 sec
----------------------------------------------------------
Test Passed.
"lint_cmake" end time: Jul 29 15:09 CST
"lint_cmake" time elapsed: 00:00:00
----------------------------------------------------------

3/3 Testing: xmllint
3/3 Test: xmllint
Command: "/usr/bin/python3" "-u" "/opt/ros/foxy/share/ament_cmake_test/cmake/run_test.py" "/ws_code/build/cslam_common_interfaces/test_results/cslam_common_interfaces/xmllint.xunit.xml" "--package-name" "cslam_common_interfaces" "--output-file" "/ws_code/build/cslam_common_interfaces/ament_xmllint/xmllint.txt" "--command" "/opt/ros/foxy/bin/ament_xmllint" "--xunit-file" "/ws_code/build/cslam_common_interfaces/test_results/cslam_common_interfaces/xmllint.xunit.xml"
Directory: /ws_code/src/src/cslam_interfaces/cslam_common_interfaces
"xmllint" start time: Jul 29 15:09 CST
Output:
----------------------------------------------------------
-- run_test.py: invoking following command in '/ws_code/src/src/cslam_interfaces/cslam_common_interfaces':
 - /opt/ros/foxy/bin/ament_xmllint --xunit-file /ws_code/build/cslam_common_interfaces/test_results/cslam_common_interfaces/xmllint.xunit.xml
File 'package.xml' is valid

No problems found
-- run_test.py: return code 0
-- run_test.py: verify result file '/ws_code/build/cslam_common_interfaces/test_results/cslam_common_interfaces/xmllint.xunit.xml'
<end of output>
Test time =   2.48 sec
----------------------------------------------------------
Test Passed.
"xmllint" end time: Jul 29 15:09 CST
"xmllint" time elapsed: 00:00:02
----------------------------------------------------------

End testing: Jul 29 15:09 CST

copyright =   0.19 sec*proc

lint_cmake =   0.16 sec*proc

linter =   2.83 sec*proc

xmllint =   2.48 sec*proc

