<?xml version="1.0" encoding="UTF-8"?>
<Site BuildName="(empty)"
	BuildStamp="20240729-0709-Experimental"
	Name="jcwang"
	Generator="ctest-3.16.3"
	CompilerName="/usr/bin/c++"
	CompilerVersion="9.4.0"
	OSName="Linux"
	Hostname="jcwang"
	OSRelease="5.15.0-117-generic"
	OSVersion="#127~20.04.1-Ubuntu SMP Thu Jul 11 15:36:12 UTC 2024"
	OSPlatform="x86_64"
	Is64Bits="1"
	VendorString="GenuineIntel"
	VendorID="Intel Corporation"
	FamilyID="6"
	ModelID="151"
	ProcessorCacheSize="30720"
	NumberOfLogicalCPU="24"
	NumberOfPhysicalCPU="16"
	TotalVirtualMemory="17672"
	TotalPhysicalMemory="31903"
	LogicalProcessorsPerPhysical="1"
	ProcessorClockFrequency="3200"
	>
	<Testing>
		<StartDateTime>Jul 29 15:09 CST</StartDateTime>
		<StartTestTime>1722236980</StartTestTime>
		<TestList>
			<Test>./copyright</Test>
			<Test>./lint_cmake</Test>
			<Test>./xmllint</Test>
		</TestList>
		<Test Status="passed">
			<Name>copyright</Name>
			<Path>.</Path>
			<FullName>./copyright</FullName>
			<FullCommandLine>/usr/bin/python3 "-u" "/opt/ros/foxy/share/ament_cmake_test/cmake/run_test.py" "/ws_code/build/cslam_common_interfaces/test_results/cslam_common_interfaces/copyright.xunit.xml" "--package-name" "cslam_common_interfaces" "--output-file" "/ws_code/build/cslam_common_interfaces/ament_copyright/copyright.txt" "--command" "/opt/ros/foxy/bin/ament_copyright" "--xunit-file" "/ws_code/build/cslam_common_interfaces/test_results/cslam_common_interfaces/copyright.xunit.xml"</FullCommandLine>
			<Results>
				<NamedMeasurement type="numeric/double" name="Execution Time">
					<Value>0.187201</Value>
				</NamedMeasurement>
				<NamedMeasurement type="numeric/double" name="Processors">
					<Value>1</Value>
				</NamedMeasurement>
				<NamedMeasurement type="text/string" name="Completion Status">
					<Value>Completed</Value>
				</NamedMeasurement>
				<NamedMeasurement type="text/string" name="Command Line">
					<Value>/usr/bin/python3 "-u" "/opt/ros/foxy/share/ament_cmake_test/cmake/run_test.py" "/ws_code/build/cslam_common_interfaces/test_results/cslam_common_interfaces/copyright.xunit.xml" "--package-name" "cslam_common_interfaces" "--output-file" "/ws_code/build/cslam_common_interfaces/ament_copyright/copyright.txt" "--command" "/opt/ros/foxy/bin/ament_copyright" "--xunit-file" "/ws_code/build/cslam_common_interfaces/test_results/cslam_common_interfaces/copyright.xunit.xml"</Value>
				</NamedMeasurement>
				<Measurement>
					<Value>-- run_test.py: invoking following command in '/ws_code/src/src/cslam_interfaces/cslam_common_interfaces':
 - /opt/ros/foxy/bin/ament_copyright --xunit-file /ws_code/build/cslam_common_interfaces/test_results/cslam_common_interfaces/copyright.xunit.xml
No repository roots and files found
No problems found, checked 0 files
-- run_test.py: return code 0
-- run_test.py: verify result file '/ws_code/build/cslam_common_interfaces/test_results/cslam_common_interfaces/copyright.xunit.xml'
</Value>
				</Measurement>
			</Results>
			<Labels>
				<Label>copyright</Label>
				<Label>linter</Label>
			</Labels>
		</Test>
		<Test Status="passed">
			<Name>lint_cmake</Name>
			<Path>.</Path>
			<FullName>./lint_cmake</FullName>
			<FullCommandLine>/usr/bin/python3 "-u" "/opt/ros/foxy/share/ament_cmake_test/cmake/run_test.py" "/ws_code/build/cslam_common_interfaces/test_results/cslam_common_interfaces/lint_cmake.xunit.xml" "--package-name" "cslam_common_interfaces" "--output-file" "/ws_code/build/cslam_common_interfaces/ament_lint_cmake/lint_cmake.txt" "--command" "/opt/ros/foxy/bin/ament_lint_cmake" "--xunit-file" "/ws_code/build/cslam_common_interfaces/test_results/cslam_common_interfaces/lint_cmake.xunit.xml"</FullCommandLine>
			<Results>
				<NamedMeasurement type="numeric/double" name="Execution Time">
					<Value>0.164913</Value>
				</NamedMeasurement>
				<NamedMeasurement type="numeric/double" name="Processors">
					<Value>1</Value>
				</NamedMeasurement>
				<NamedMeasurement type="text/string" name="Completion Status">
					<Value>Completed</Value>
				</NamedMeasurement>
				<NamedMeasurement type="text/string" name="Command Line">
					<Value>/usr/bin/python3 "-u" "/opt/ros/foxy/share/ament_cmake_test/cmake/run_test.py" "/ws_code/build/cslam_common_interfaces/test_results/cslam_common_interfaces/lint_cmake.xunit.xml" "--package-name" "cslam_common_interfaces" "--output-file" "/ws_code/build/cslam_common_interfaces/ament_lint_cmake/lint_cmake.txt" "--command" "/opt/ros/foxy/bin/ament_lint_cmake" "--xunit-file" "/ws_code/build/cslam_common_interfaces/test_results/cslam_common_interfaces/lint_cmake.xunit.xml"</Value>
				</NamedMeasurement>
				<Measurement>
					<Value>-- run_test.py: invoking following command in '/ws_code/src/src/cslam_interfaces/cslam_common_interfaces':
 - /opt/ros/foxy/bin/ament_lint_cmake --xunit-file /ws_code/build/cslam_common_interfaces/test_results/cslam_common_interfaces/lint_cmake.xunit.xml

No problems found
-- run_test.py: return code 0
-- run_test.py: verify result file '/ws_code/build/cslam_common_interfaces/test_results/cslam_common_interfaces/lint_cmake.xunit.xml'
</Value>
				</Measurement>
			</Results>
			<Labels>
				<Label>lint_cmake</Label>
				<Label>linter</Label>
			</Labels>
		</Test>
		<Test Status="passed">
			<Name>xmllint</Name>
			<Path>.</Path>
			<FullName>./xmllint</FullName>
			<FullCommandLine>/usr/bin/python3 "-u" "/opt/ros/foxy/share/ament_cmake_test/cmake/run_test.py" "/ws_code/build/cslam_common_interfaces/test_results/cslam_common_interfaces/xmllint.xunit.xml" "--package-name" "cslam_common_interfaces" "--output-file" "/ws_code/build/cslam_common_interfaces/ament_xmllint/xmllint.txt" "--command" "/opt/ros/foxy/bin/ament_xmllint" "--xunit-file" "/ws_code/build/cslam_common_interfaces/test_results/cslam_common_interfaces/xmllint.xunit.xml"</FullCommandLine>
			<Results>
				<NamedMeasurement type="numeric/double" name="Execution Time">
					<Value>2.47872</Value>
				</NamedMeasurement>
				<NamedMeasurement type="numeric/double" name="Processors">
					<Value>1</Value>
				</NamedMeasurement>
				<NamedMeasurement type="text/string" name="Completion Status">
					<Value>Completed</Value>
				</NamedMeasurement>
				<NamedMeasurement type="text/string" name="Command Line">
					<Value>/usr/bin/python3 "-u" "/opt/ros/foxy/share/ament_cmake_test/cmake/run_test.py" "/ws_code/build/cslam_common_interfaces/test_results/cslam_common_interfaces/xmllint.xunit.xml" "--package-name" "cslam_common_interfaces" "--output-file" "/ws_code/build/cslam_common_interfaces/ament_xmllint/xmllint.txt" "--command" "/opt/ros/foxy/bin/ament_xmllint" "--xunit-file" "/ws_code/build/cslam_common_interfaces/test_results/cslam_common_interfaces/xmllint.xunit.xml"</Value>
				</NamedMeasurement>
				<Measurement>
					<Value>-- run_test.py: invoking following command in '/ws_code/src/src/cslam_interfaces/cslam_common_interfaces':
 - /opt/ros/foxy/bin/ament_xmllint --xunit-file /ws_code/build/cslam_common_interfaces/test_results/cslam_common_interfaces/xmllint.xunit.xml
File 'package.xml' is valid

No problems found
-- run_test.py: return code 0
-- run_test.py: verify result file '/ws_code/build/cslam_common_interfaces/test_results/cslam_common_interfaces/xmllint.xunit.xml'
</Value>
				</Measurement>
			</Results>
			<Labels>
				<Label>linter</Label>
				<Label>xmllint</Label>
			</Labels>
		</Test>
		<EndDateTime>Jul 29 15:09 CST</EndDateTime>
		<EndTestTime>1722236983</EndTestTime>
		<ElapsedMinutes>0</ElapsedMinutes>
	</Testing>
</Site>
